type=DAEMON_START msg=audit(1718999007.190:2178): op=start ver=2.8.5 format=raw kernel=5.4.0-148-generic auid=4294967295 pid=142928 uid=0 ses=4294967295 subj=unconfined  res=success
type=CONFIG_CHANGE msg=audit(1718999007.229:50): op=set audit_backlog_limit=8192 old=64 auid=4294967295 ses=4294967295 res=1
type=CONFIG_CHANGE msg=audit(1718999007.229:51): op=set audit_failure=1 old=1 auid=4294967295 ses=4294967295 res=1
type=CONFIG_CHANGE msg=audit(1718999007.229:52): op=set audit_backlog_wait_time=0 old=15000 auid=4294967295 ses=4294967295 res=1
type=SERVICE_START msg=audit(1718999007.233:53): pid=1 uid=0 auid=4294967295 ses=4294967295 msg='unit=auditd comm="systemd" exe="/usr/lib/systemd/systemd" hostname=? addr=? terminal=? res=success'
type=SERVICE_START msg=audit(1718999011.221:54): pid=1 uid=0 auid=4294967295 ses=4294967295 msg='unit=packagekit comm="systemd" exe="/usr/lib/systemd/systemd" hostname=? addr=? terminal=? res=success'
type=USER_END msg=audit(1718999013.969:55): pid=142728 uid=0 auid=4294967295 ses=4294967295 msg='op=PAM:session_close grantors=pam_env,pam_env,pam_permit,pam_umask,pam_unix acct="root" exe="/usr/bin/sudo" hostname=? addr=? terminal=/dev/pts/0 res=success'
type=CRED_DISP msg=audit(1718999013.969:56): pid=142728 uid=0 auid=4294967295 ses=4294967295 msg='op=PAM:setcred grantors=pam_permit acct="root" exe="/usr/bin/sudo" hostname=? addr=? terminal=/dev/pts/0 res=success'
type=USER_ACCT msg=audit(1718999027.641:57): pid=143299 uid=1000 auid=4294967295 ses=4294967295 msg='op=PAM:accounting grantors=pam_permit acct="user" exe="/usr/bin/sudo" hostname=? addr=? terminal=/dev/pts/0 res=success'
type=USER_CMD msg=audit(1718999027.645:58): pid=143299 uid=1000 auid=4294967295 ses=4294967295 msg='cwd="/home/user" cmd=73797374656D63746C20656E61626C6520617564697464 terminal=pts/0 res=success'
type=CRED_REFR msg=audit(1718999027.645:59): pid=143299 uid=0 auid=4294967295 ses=4294967295 msg='op=PAM:setcred grantors=pam_permit,pam_cap acct="root" exe="/usr/bin/sudo" hostname=? addr=? terminal=/dev/pts/0 res=success'
type=USER_START msg=audit(1718999027.645:60): pid=143299 uid=0 auid=4294967295 ses=4294967295 msg='op=PAM:session_open grantors=pam_env,pam_env,pam_permit,pam_umask,pam_unix acct="root" exe="/usr/bin/sudo" hostname=? addr=? terminal=/dev/pts/0 res=success'
type=USER_END msg=audit(1718999029.721:61): pid=143299 uid=0 auid=4294967295 ses=4294967295 msg='op=PAM:session_close grantors=pam_env,pam_env,pam_permit,pam_umask,pam_unix acct="root" exe="/usr/bin/sudo" hostname=? addr=? terminal=/dev/pts/0 res=success'
type=CRED_DISP msg=audit(1718999029.721:62): pid=143299 uid=0 auid=4294967295 ses=4294967295 msg='op=PAM:setcred grantors=pam_permit acct="root" exe="/usr/bin/sudo" hostname=? addr=? terminal=/dev/pts/0 res=success'
type=USER_ACCT msg=audit(1718999037.669:63): pid=143385 uid=1000 auid=4294967295 ses=4294967295 msg='op=PAM:accounting grantors=pam_permit acct="user" exe="/usr/bin/sudo" hostname=? addr=? terminal=/dev/pts/0 res=success'
type=USER_CMD msg=audit(1718999037.669:64): pid=143385 uid=1000 auid=4294967295 ses=4294967295 msg='cwd="/home/user" cmd=73797374656D63746C20737461727420617564697464 terminal=pts/0 res=success'
type=CRED_REFR msg=audit(1718999037.673:65): pid=143385 uid=0 auid=4294967295 ses=4294967295 msg='op=PAM:setcred grantors=pam_permit,pam_cap acct="root" exe="/usr/bin/sudo" hostname=? addr=? terminal=/dev/pts/0 res=success'
type=USER_START msg=audit(1718999037.673:66): pid=143385 uid=0 auid=4294967295 ses=4294967295 msg='op=PAM:session_open grantors=pam_env,pam_env,pam_permit,pam_umask,pam_unix acct="root" exe="/usr/bin/sudo" hostname=? addr=? terminal=/dev/pts/0 res=success'
type=USER_END msg=audit(1718999037.701:67): pid=143385 uid=0 auid=4294967295 ses=4294967295 msg='op=PAM:session_close grantors=pam_env,pam_env,pam_permit,pam_umask,pam_unix acct="root" exe="/usr/bin/sudo" hostname=? addr=? terminal=/dev/pts/0 res=success'
type=CRED_DISP msg=audit(1718999037.701:68): pid=143385 uid=0 auid=4294967295 ses=4294967295 msg='op=PAM:setcred grantors=pam_permit acct="root" exe="/usr/bin/sudo" hostname=? addr=? terminal=/dev/pts/0 res=success'
type=USER_ACCT msg=audit(1718999042.241:69): pid=143389 uid=1000 auid=4294967295 ses=4294967295 msg='op=PAM:accounting grantors=pam_permit acct="user" exe="/usr/bin/sudo" hostname=? addr=? terminal=/dev/pts/0 res=success'
type=USER_CMD msg=audit(1718999042.241:70): pid=143389 uid=1000 auid=4294967295 ses=4294967295 msg='cwd="/home/user" cmd=73797374656D63746C2073746174757320617564697464 terminal=pts/0 res=success'
type=CRED_REFR msg=audit(1718999042.245:71): pid=143389 uid=0 auid=4294967295 ses=4294967295 msg='op=PAM:setcred grantors=pam_permit,pam_cap acct="root" exe="/usr/bin/sudo" hostname=? addr=? terminal=/dev/pts/0 res=success'
type=USER_START msg=audit(1718999042.245:72): pid=143389 uid=0 auid=4294967295 ses=4294967295 msg='op=PAM:session_open grantors=pam_env,pam_env,pam_permit,pam_umask,pam_unix acct="root" exe="/usr/bin/sudo" hostname=? addr=? terminal=/dev/pts/0 res=success'
type=USER_END msg=audit(1718999045.753:73): pid=143389 uid=0 auid=4294967295 ses=4294967295 msg='op=PAM:session_close grantors=pam_env,pam_env,pam_permit,pam_umask,pam_unix acct="root" exe="/usr/bin/sudo" hostname=? addr=? terminal=/dev/pts/0 res=success'
type=CRED_DISP msg=audit(1718999045.753:74): pid=143389 uid=0 auid=4294967295 ses=4294967295 msg='op=PAM:setcred grantors=pam_permit acct="root" exe="/usr/bin/sudo" hostname=? addr=? terminal=/dev/pts/0 res=success'
type=USER_END msg=audit(1718999055.465:75): pid=141980 uid=0 auid=4294967295 ses=4294967295 msg='op=PAM:session_close grantors=pam_selinux,pam_limits,pam_permit,pam_umask,pam_unix,pam_systemd,pam_selinux,pam_gnome_keyring,pam_env,pam_env acct="user" exe="/usr/sbin/lightdm" hostname=? addr=? terminal=:0 res=success'
type=CRED_DISP msg=audit(1718999055.465:76): pid=141980 uid=0 auid=4294967295 ses=4294967295 msg='op=PAM:setcred grantors=pam_permit,pam_gnome_keyring acct="user" exe="/usr/sbin/lightdm" hostname=? addr=? terminal=:0 res=success'
type=CRED_ACQ msg=audit(1718999058.381:77): pid=143437 uid=0 auid=4294967295 ses=4294967295 msg='op=PAM:setcred grantors=pam_permit,pam_gnome_keyring acct="lightdm" exe="/usr/sbin/lightdm" hostname=? addr=? terminal=:0 res=success'
type=SERVICE_START msg=audit(1718999058.613:78): pid=1 uid=0 auid=4294967295 ses=4294967295 msg='unit=user-runtime-dir@114 comm="systemd" exe="/usr/lib/systemd/systemd" hostname=? addr=? terminal=? res=success'
type=USER_ACCT msg=audit(1718999058.669:79): pid=143448 uid=0 auid=4294967295 ses=4294967295 msg='op=PAM:accounting grantors=pam_permit acct="lightdm" exe="/usr/lib/systemd/systemd" hostname=? addr=? terminal=? res=success'
type=CRED_ACQ msg=audit(1718999058.681:80): pid=143448 uid=0 auid=4294967295 ses=4294967295 msg='op=PAM:setcred grantors=pam_permit,pam_cap acct="lightdm" exe="/usr/lib/systemd/systemd" hostname=? addr=? terminal=? res=success'
type=LOGIN msg=audit(1718999058.685:81): pid=143448 uid=0 old-auid=4294967295 auid=114 tty=(none) old-ses=4294967295 ses=3217 res=1
type=USER_START msg=audit(1718999058.685:82): pid=143448 uid=0 auid=114 ses=3217 msg='op=PAM:session_open grantors=pam_selinux,pam_selinux,pam_loginuid,pam_limits,pam_permit,pam_umask,pam_unix,pam_systemd acct="lightdm" exe="/usr/lib/systemd/systemd" hostname=? addr=? terminal=? res=success'
type=SERVICE_START msg=audit(1718999058.961:83): pid=1 uid=0 auid=4294967295 ses=4294967295 msg='unit=user@114 comm="systemd" exe="/usr/lib/systemd/systemd" hostname=? addr=? terminal=? res=success'
type=USER_START msg=audit(1718999059.073:84): pid=143437 uid=0 auid=4294967295 ses=4294967295 msg='op=PAM:session_open grantors=pam_selinux,pam_limits,pam_permit,pam_umask,pam_unix,pam_systemd,pam_selinux,pam_gnome_keyring,pam_env,pam_env acct="lightdm" exe="/usr/sbin/lightdm" hostname=? addr=? terminal=:0 res=success'
type=USER_AUTH msg=audit(1718999065.457:85): pid=143503 uid=0 auid=4294967295 ses=4294967295 msg='op=PAM:authentication grantors=? acct="user" exe="/usr/sbin/lightdm" hostname=? addr=? terminal=:0 res=failed'
type=USER_AUTH msg=audit(1718999073.653:86): pid=143525 uid=0 auid=4294967295 ses=4294967295 msg='op=PAM:authentication grantors=? acct="user" exe="/usr/sbin/lightdm" hostname=? addr=? terminal=:0 res=failed'
type=SERVICE_STOP msg=audit(1718999074.669:87): pid=1 uid=0 auid=4294967295 ses=4294967295 msg='unit=user@1000 comm="systemd" exe="/usr/lib/systemd/systemd" hostname=? addr=? terminal=? res=success'
type=SERVICE_STOP msg=audit(1718999074.741:88): pid=1 uid=0 auid=4294967295 ses=4294967295 msg='unit=user-runtime-dir@1000 comm="systemd" exe="/usr/lib/systemd/systemd" hostname=? addr=? terminal=? res=success'
type=USER_AUTH msg=audit(1718999080.865:89): pid=143542 uid=0 auid=4294967295 ses=4294967295 msg='op=PAM:authentication grantors=pam_permit,pam_cap,pam_gnome_keyring acct="user" exe="/usr/sbin/lightdm" hostname=? addr=? terminal=:0 res=success'
type=USER_ACCT msg=audit(1718999080.865:90): pid=143542 uid=0 auid=4294967295 ses=4294967295 msg='op=PAM:accounting grantors=pam_permit acct="user" exe="/usr/sbin/lightdm" hostname=? addr=? terminal=:0 res=success'
type=CRED_ACQ msg=audit(1718999080.961:91): pid=143542 uid=0 auid=4294967295 ses=4294967295 msg='op=PAM:setcred grantors=pam_permit,pam_cap,pam_gnome_keyring acct="user" exe="/usr/sbin/lightdm" hostname=? addr=? terminal=:0 res=success'
type=SERVICE_START msg=audit(1718999081.089:92): pid=1 uid=0 auid=4294967295 ses=4294967295 msg='unit=user-runtime-dir@1000 comm="systemd" exe="/usr/lib/systemd/systemd" hostname=? addr=? terminal=? res=success'
type=USER_ACCT msg=audit(1718999081.113:93): pid=143564 uid=0 auid=4294967295 ses=4294967295 msg='op=PAM:accounting grantors=pam_permit acct="user" exe="/usr/lib/systemd/systemd" hostname=? addr=? terminal=? res=success'
type=CRED_ACQ msg=audit(1718999081.117:94): pid=143564 uid=0 auid=4294967295 ses=4294967295 msg='op=PAM:setcred grantors=pam_permit,pam_cap acct="user" exe="/usr/lib/systemd/systemd" hostname=? addr=? terminal=? res=success'
type=LOGIN msg=audit(1718999081.117:95): pid=143564 uid=0 old-auid=4294967295 auid=1000 tty=(none) old-ses=4294967295 ses=3218 res=1
type=USER_START msg=audit(1718999081.121:96): pid=143564 uid=0 auid=1000 ses=3218 msg='op=PAM:session_open grantors=pam_selinux,pam_selinux,pam_loginuid,pam_limits,pam_permit,pam_umask,pam_unix,pam_systemd acct="user" exe="/usr/lib/systemd/systemd" hostname=? addr=? terminal=? res=success'
type=SERVICE_START msg=audit(1718999081.313:97): pid=1 uid=0 auid=4294967295 ses=4294967295 msg='unit=user@1000 comm="systemd" exe="/usr/lib/systemd/systemd" hostname=? addr=? terminal=? res=success'
type=USER_START msg=audit(1718999081.369:98): pid=143542 uid=0 auid=4294967295 ses=4294967295 msg='op=PAM:session_open grantors=pam_selinux,pam_limits,pam_permit,pam_umask,pam_unix,pam_systemd,pam_selinux,pam_gnome_keyring,pam_env,pam_env acct="user" exe="/usr/sbin/lightdm" hostname=? addr=? terminal=:0 res=success'
type=SERVICE_START msg=audit(1718999084.469:99): pid=1 uid=0 auid=4294967295 ses=4294967295 msg='unit=systemd-hostnamed comm="systemd" exe="/usr/lib/systemd/systemd" hostname=? addr=? terminal=? res=success'
type=SERVICE_START msg=audit(1718999086.537:100): pid=1 uid=0 auid=4294967295 ses=4294967295 msg='unit=systemd-timedated comm="systemd" exe="/usr/lib/systemd/systemd" hostname=? addr=? terminal=? res=success'
type=SERVICE_START msg=audit(1718999087.777:101): pid=1 uid=0 auid=4294967295 ses=4294967295 msg='unit=blueman-mechanism comm="systemd" exe="/usr/lib/systemd/systemd" hostname=? addr=? terminal=? res=success'
type=SERVICE_STOP msg=audit(1718999091.213:102): pid=1 uid=0 auid=4294967295 ses=4294967295 msg='unit=user@114 comm="systemd" exe="/usr/lib/systemd/systemd" hostname=? addr=? terminal=? res=success'
type=SERVICE_STOP msg=audit(1718999091.265:103): pid=1 uid=0 auid=4294967295 ses=4294967295 msg='unit=user-runtime-dir@114 comm="systemd" exe="/usr/lib/systemd/systemd" hostname=? addr=? terminal=? res=success'
type=USER_START msg=audit(1718999091.637:104): pid=144164 uid=1000 auid=4294967295 ses=4294967295 msg='op=PAM:session_open grantors=pam_env,pam_env,pam_permit,pam_umask,pam_unix acct="root" exe="/usr/bin/pkexec" hostname=? addr=? terminal=? res=success'
type=USER_ACCT msg=audit(1718999102.009:105): pid=144186 uid=0 auid=4294967295 ses=4294967295 msg='op=PAM:accounting grantors=pam_permit acct="root" exe="/usr/sbin/cron" hostname=? addr=? terminal=cron res=success'
type=CRED_ACQ msg=audit(1718999102.009:106): pid=144186 uid=0 auid=4294967295 ses=4294967295 msg='op=PAM:setcred grantors=pam_permit,pam_cap acct="root" exe="/usr/sbin/cron" hostname=? addr=? terminal=cron res=success'
type=LOGIN msg=audit(1718999102.009:107): pid=144186 uid=0 old-auid=4294967295 auid=0 tty=(none) old-ses=4294967295 ses=3219 res=1
type=USER_START msg=audit(1718999102.013:108): pid=144186 uid=0 auid=0 ses=3219 msg='op=PAM:session_open grantors=pam_loginuid,pam_env,pam_env,pam_permit,pam_umask,pam_unix,pam_limits acct="root" exe="/usr/sbin/cron" hostname=? addr=? terminal=cron res=success'
type=CRED_DISP msg=audit(1718999102.021:109): pid=144186 uid=0 auid=0 ses=3219 msg='op=PAM:setcred grantors=pam_permit acct="root" exe="/usr/sbin/cron" hostname=? addr=? terminal=cron res=success'
type=USER_END msg=audit(1718999102.021:110): pid=144186 uid=0 auid=0 ses=3219 msg='op=PAM:session_close grantors=pam_loginuid,pam_env,pam_env,pam_permit,pam_umask,pam_unix,pam_limits acct="root" exe="/usr/sbin/cron" hostname=? addr=? terminal=cron res=success'
type=USER_AUTH msg=audit(1718999107.818:111): pid=144185 uid=1000 auid=4294967295 ses=4294967295 msg='op=PAM:authentication grantors=pam_permit,pam_cap acct="user" exe="/usr/bin/sudo" hostname=? addr=? terminal=/dev/pts/0 res=success'
type=USER_ACCT msg=audit(1718999107.818:112): pid=144185 uid=1000 auid=4294967295 ses=4294967295 msg='op=PAM:accounting grantors=pam_permit acct="user" exe="/usr/bin/sudo" hostname=? addr=? terminal=/dev/pts/0 res=success'
type=USER_CMD msg=audit(1718999107.818:113): pid=144185 uid=1000 auid=4294967295 ses=4294967295 msg='cwd="/home/user" cmd=73797374656D63746C2073746174757320617564697464 terminal=pts/0 res=success'
type=CRED_REFR msg=audit(1718999107.818:114): pid=144185 uid=0 auid=4294967295 ses=4294967295 msg='op=PAM:setcred grantors=pam_permit,pam_cap acct="root" exe="/usr/bin/sudo" hostname=? addr=? terminal=/dev/pts/0 res=success'
type=USER_START msg=audit(1718999107.818:115): pid=144185 uid=0 auid=4294967295 ses=4294967295 msg='op=PAM:session_open grantors=pam_env,pam_env,pam_permit,pam_umask,pam_unix acct="root" exe="/usr/bin/sudo" hostname=? addr=? terminal=/dev/pts/0 res=success'
type=USER_END msg=audit(1718999110.658:116): pid=144185 uid=0 auid=4294967295 ses=4294967295 msg='op=PAM:session_close grantors=pam_env,pam_env,pam_permit,pam_umask,pam_unix acct="root" exe="/usr/bin/sudo" hostname=? addr=? terminal=/dev/pts/0 res=success'
type=CRED_DISP msg=audit(1718999110.658:117): pid=144185 uid=0 auid=4294967295 ses=4294967295 msg='op=PAM:setcred grantors=pam_permit acct="root" exe="/usr/bin/sudo" hostname=? addr=? terminal=/dev/pts/0 res=success'
type=SERVICE_STOP msg=audit(1718999114.510:118): pid=1 uid=0 auid=4294967295 ses=4294967295 msg='unit=systemd-hostnamed comm="systemd" exe="/usr/lib/systemd/systemd" hostname=? addr=? terminal=? res=success'
type=SERVICE_STOP msg=audit(1718999116.698:119): pid=1 uid=0 auid=4294967295 ses=4294967295 msg='unit=systemd-timedated comm="systemd" exe="/usr/lib/systemd/systemd" hostname=? addr=? terminal=? res=success'
type=SERVICE_STOP msg=audit(1718999117.798:120): pid=1 uid=0 auid=4294967295 ses=4294967295 msg='unit=blueman-mechanism comm="systemd" exe="/usr/lib/systemd/systemd" hostname=? addr=? terminal=? res=success'
type=SERVICE_STOP msg=audit(1718999119.830:121): pid=1 uid=0 auid=4294967295 ses=4294967295 msg='unit=fwupd comm="systemd" exe="/usr/lib/systemd/systemd" hostname=? addr=? terminal=? res=success'
type=SERVICE_STOP msg=audit(1718999317.731:122): pid=1 uid=0 auid=4294967295 ses=4294967295 msg='unit=packagekit comm="systemd" exe="/usr/lib/systemd/systemd" hostname=? addr=? terminal=? res=success'
